Loading trajectories...
Calculating rmsfs
	Calculating rmsf for traj 1
	Done Aligning... calculating RMSF
	Calculating rmsf for traj 2
	Done Aligning... calculating RMSF
	Calculating rmsf for traj 3
	Done Aligning... calculating RMSF
	Calculating rmsf for traj 4
	Done Aligning... calculating RMSF
	Calculating rmsf for traj 5
	Done Aligning... calculating RMSF
	Calculating rmsf for traj 6
	Done Aligning... calculating RMSF
	Calculating rmsf for traj 7
	Done Aligning... calculating RMSF
	Calculating rmsf for traj 8
	Done Aligning... calculating RMSF
	Calculating rmsf for traj 9
	Done Aligning... calculating RMSF
	Calculating rmsf for traj 10
	Done Aligning... calculating RMSF
Outputing csv...
Done
